<?xml version="1.0" encoding="utf-8"?><testsuites name="pytest tests"><testsuite name="pytest" errors="0" failures="0" skipped="0" tests="18" time="3.372" timestamp="2026-03-14T09:27:34.413502+00:00" hostname="agent-env-63b7bf02-657a-4b21-a3f6-ab771d51f303"><testcase classname="backend.tests.test_security_status" name="test_safedep_scan_script_runs_and_report_exists" time="1.352" /><testcase classname="backend.tests.test_security_status" name="test_security_status_matches_critical_count_from_report" time="0.113" /><testcase classname="backend.tests.test_security_status" name="test_security_status_stable_when_report_missing" time="0.099" /><testcase classname="backend.tests.test_security_status" name="test_security_status_turns_green_when_no_critical" time="0.102" /><testcase classname="backend.tests.test_security_status" name="test_security_status_turns_red_when_critical_exists" time="0.092" /><testcase classname="backend.tests.test_security_status" name="test_security_status_stable_when_report_unreadable_json" time="0.097" /><testcase classname="backend.tests.test_security_status" name="test_transactions_recent_regression_still_works" time="0.146" /><testcase classname="backend.tests.test_transactions_streaming" name="test_api_root_regression" time="0.107" /><testcase classname="backend.tests.test_transactions_streaming" name="test_status_post_and_list_regression" time="0.152" /><testcase classname="backend.tests.test_transactions_streaming" name="test_whatsapp_webhook_logs_transaction_and_gst" time="0.143" /><testcase classname="backend.tests.test_transactions_streaming" name="test_razorpay_webhook_accepts_payload_and_logs_transaction" time="0.154" /><testcase classname="backend.tests.test_transactions_streaming" name="test_razorpay_webhook_rejects_invalid_signature" time="0.096" /><testcase classname="backend.tests.test_transactions_streaming" name="test_transactions_recent_returns_latest_with_limit" time="0.097" /><testcase classname="backend.tests.test_whatsapp_webhook" name="test_api_root_is_available" time="0.102" /><testcase classname="backend.tests.test_whatsapp_webhook" name="test_status_post_and_get_persistence" time="0.145" /><testcase classname="backend.tests.test_whatsapp_webhook" name="test_whatsapp_text_only_parses_amount_and_gst" time="0.100" /><testcase classname="backend.tests.test_whatsapp_webhook" name="test_whatsapp_image_fallback_graceful_when_no_amount_in_text" time="0.097" /><testcase classname="backend.tests.test_whatsapp_webhook" name="test_whatsapp_image_fallback_to_text_when_unsiloed_unavailable" time="0.100" /></testsuite></testsuites>