<?xml version="1.0" encoding="utf-8"?><testsuites name="pytest tests"><testsuite name="pytest" errors="0" failures="0" skipped="0" tests="5" time="0.825" timestamp="2026-03-14T08:54:33.408869+00:00" hostname="agent-env-63b7bf02-657a-4b21-a3f6-ab771d51f303"><testcase classname="backend.tests.test_whatsapp_webhook" name="test_api_root_is_available" time="0.165" /><testcase classname="backend.tests.test_whatsapp_webhook" name="test_status_post_and_get_persistence" time="0.177" /><testcase classname="backend.tests.test_whatsapp_webhook" name="test_whatsapp_text_only_parses_amount_and_gst" time="0.146" /><testcase classname="backend.tests.test_whatsapp_webhook" name="test_whatsapp_image_fallback_graceful_when_no_amount_in_text" time="0.142" /><testcase classname="backend.tests.test_whatsapp_webhook" name="test_whatsapp_image_fallback_to_text_when_unsiloed_unavailable" time="0.135" /></testsuite></testsuites>